<?xml version="1.0" encoding="UTF-8"?>
<testng-results skipped="0" failed="0" total="1" passed="1">
  <reporter-output>
  </reporter-output>
  <suite name="Default suite" duration-ms="1637" started-at="2022-02-09T16:27:15Z" finished-at="2022-02-09T16:27:16Z">
    <groups>
    </groups>
    <test name="Default test" duration-ms="1637" started-at="2022-02-09T16:27:15Z" finished-at="2022-02-09T16:27:16Z">
      <class name="restAssuredAPI.TC_PUT_ChangeRequest">
        <test-method status="PASS" signature="putChangeRequest()[pri:0, instance:restAssuredAPI.TC_PUT_ChangeRequest@3ffc5af1]" name="putChangeRequest" duration-ms="1625" started-at="2022-02-09T21:57:15Z" finished-at="2022-02-09T21:57:16Z">
          <reporter-output>
          </reporter-output>
        </test-method> <!-- putChangeRequest -->
      </class> <!-- restAssuredAPI.TC_PUT_ChangeRequest -->
    </test> <!-- Default test -->
  </suite> <!-- Default suite -->
</testng-results>
